{"total": {"lines":{"total":4232,"covered":3119,"skipped":0,"pct":73.7},"statements":{"total":4412,"covered":3233,"skipped":0,"pct":73.28},"functions":{"total":1282,"covered":859,"skipped":0,"pct":67},"branches":{"total":2042,"covered":1243,"skipped":0,"pct":60.87}}
,"App.jsx": {"lines":{"total":6,"covered":5,"skipped":0,"pct":83.33},"functions":{"total":2,"covered":1,"skipped":0,"pct":50},"statements":{"total":6,"covered":5,"skipped":0,"pct":83.33},"branches":{"total":0,"covered":0,"skipped":0,"pct":100}}
,"nomination-management": {"lines":{"total":10,"covered":10,"skipped":0,"pct":100},"functions":{"total":1,"covered":1,"skipped":0,"pct":100},"statements":{"total":11,"covered":11,"skipped":0,"pct":100},"branches":{"total":0,"covered":0,"skipped":0,"pct":100}}
,"nomination-overview": {"lines":{"total":1,"covered":1,"skipped":0,"pct":100},"functions":{"total":0,"covered":0,"skipped":0,"pct":100},"statements":{"total":1,"covered":1,"skipped":0,"pct":100},"branches":{"total":0,"covered":0,"skipped":0,"pct":100}}
}
